<?xml version="1.0" encoding="UTF-8"?>
<!-- Generated by org.testng.reporters.JUnitXMLReporter -->
<testsuite ignored="0" hostname="DESKTOP-5T3B7FL" failures="0" tests="2" name="Error Validation" time="23.808" errors="0" timestamp="2026-03-13T23:26:03 IST">
  <testcase classname="rahulshettyacademy.tests.Errorvalidations" name="LoginErrorValidation" time="1.387"/>
  <testcase classname="rahulshettyacademy.tests.Errorvalidations" name="ProductErrorValidation" time="18.995"/>
</testsuite> <!-- Error Validation -->
