<?xml version="1.0" encoding="UTF-8"?>
<!-- Generated by org.testng.reporters.JUnitXMLReporter -->
<testsuite ignored="0" hostname="DESKTOP-5T3B7FL" failures="0" tests="2" name="Stand Alone Submit" time="31.422" errors="0" timestamp="2026-03-13T23:25:39 IST">
  <testcase classname="rahulshettyacademy.tests.StandaloneSubmit" name="submitOrder" time="24.059"/>
  <testcase classname="rahulshettyacademy.tests.StandaloneSubmit" name="submitOrder" time="23.989"/>
</testsuite> <!-- Stand Alone Submit -->
