<?xml version="1.0" encoding="UTF-8"?>
<!-- Generated by org.testng.reporters.JUnitXMLReporter -->
<testsuite ignored="0" hostname="DESKTOP-5T3B7FL" failures="0" tests="2" name="Stand Alone Submit" time="50.042" errors="0" timestamp="2026-03-12T13:41:56 IST">
  <testcase classname="rahulshettyacademy.tests.StandaloneSubmit" name="submitOrder" time="46.787"/>
  <testcase classname="rahulshettyacademy.tests.StandaloneSubmit" name="submitOrder" time="46.704"/>
</testsuite> <!-- Stand Alone Submit -->
