<?xml version="1.0" encoding="UTF-8"?>
<!-- Generated by org.testng.reporters.JUnitXMLReporter -->
<testsuite ignored="1" hostname="DESKTOP-5T3B7FL" failures="0" tests="1" name="Error Validation" time="4.676" errors="0" timestamp="2026-03-28T12:31:55 IST">
  <testcase classname="rahulshettyacademy.tests.Errorvalidations" name="LoginErrorValidation" time="1.044"/>
  <testcase classname="rahulshettyacademy.tests.Errorvalidations" name="ProductErrorValidation" time="0.0">
    <ignored/>
  </testcase> <!-- ProductErrorValidation -->
</testsuite> <!-- Error Validation -->
