<?xml version="1.0" encoding="UTF-8"?>
<testng-results ignored="2" total="3" passed="1" failed="0" skipped="0">
  <reporter-output>
  </reporter-output>
  <suite started-at="2026-03-28T12:31:50 IST" name="Suite" finished-at="2026-03-28T12:31:55 IST" duration-ms="4723">
    <groups>
      <group name="ErrorHandling">
        <method signature="Errorvalidations.LoginErrorValidation()[pri:0, instance:rahulshettyacademy.tests.Errorvalidations@1dde4cb2]" name="LoginErrorValidation" class="rahulshettyacademy.tests.Errorvalidations"/>
      </group> <!-- ErrorHandling -->
    </groups>
    <test started-at="2026-03-28T12:31:50 IST" name="Stand Alone Submit" finished-at="2026-03-28T12:31:50 IST" duration-ms="4">
    </test> <!-- Stand Alone Submit -->
    <test started-at="2026-03-28T12:31:50 IST" name="Error Validation" finished-at="2026-03-28T12:31:55 IST" duration-ms="4676">
      <class name="rahulshettyacademy.tests.Errorvalidations">
        <test-method is-config="true" signature="launchApplication()[pri:0, instance:rahulshettyacademy.tests.Errorvalidations@1dde4cb2]" started-at="2026-03-28T12:31:50 IST" name="launchApplication" finished-at="2026-03-28T12:31:53 IST" duration-ms="3357" status="PASS">
          <reporter-output>
          </reporter-output>
        </test-method> <!-- launchApplication -->
        <test-method signature="LoginErrorValidation()[pri:0, instance:rahulshettyacademy.tests.Errorvalidations@1dde4cb2]" started-at="2026-03-28T12:31:53 IST" name="LoginErrorValidation" finished-at="2026-03-28T12:31:54 IST" duration-ms="1044" status="PASS">
          <reporter-output>
          </reporter-output>
        </test-method> <!-- LoginErrorValidation -->
        <test-method is-config="true" signature="teardown()[pri:0, instance:rahulshettyacademy.tests.Errorvalidations@1dde4cb2]" started-at="2026-03-28T12:31:54 IST" name="teardown" finished-at="2026-03-28T12:31:54 IST" duration-ms="245" status="PASS">
          <reporter-output>
          </reporter-output>
        </test-method> <!-- teardown -->
      </class> <!-- rahulshettyacademy.tests.Errorvalidations -->
    </test> <!-- Error Validation -->
  </suite> <!-- Suite -->
</testng-results>
