<?xml version="1.0" encoding="UTF-8"?>
<!-- Generated by org.testng.reporters.JUnitReportReporter -->
<testsuite hostname="DESKTOP-5T3B7FL" failures="0" tests="2" name="rahulshettyacademy.tests.Parameterization" time="128.535" errors="0" timestamp="2026-03-10T12:40:16 IST" skipped="0">
  <testcase classname="rahulshettyacademy.tests.Parameterization" name="submitOrder" time="64.206"/>
  <testcase classname="rahulshettyacademy.tests.Parameterization" name="submitOrder" time="64.329"/>
</testsuite> <!-- rahulshettyacademy.tests.Parameterization -->
