<?xml version="1.0" encoding="UTF-8"?>
<!-- Generated by org.testng.reporters.JUnitReportReporter -->
<testsuite hostname="DESKTOP-5T3B7FL" failures="0" tests="2" name="rahulshettyacademy.tests.StandaloneSubmit" time="99.730" errors="0" timestamp="2026-03-12T13:42:28 IST" skipped="0">
  <testcase classname="rahulshettyacademy.tests.StandaloneSubmit" name="submitOrder" time="49.964"/>
  <testcase classname="rahulshettyacademy.tests.StandaloneSubmit" name="submitOrder" time="49.766"/>
</testsuite> <!-- rahulshettyacademy.tests.StandaloneSubmit -->
