<?xml version="1.0" encoding="UTF-8"?>
<!-- Generated by org.testng.reporters.JUnitReportReporter -->
<testsuite hostname="DESKTOP-5T3B7FL" failures="0" tests="2" name="rahulshettyacademy.tests.Orderverification" time="20.747" errors="0" timestamp="2026-03-10T17:42:05 IST" skipped="0">
  <testcase classname="rahulshettyacademy.tests.Orderverification" name="orderHistoryTest" time="8.725"/>
  <testcase classname="rahulshettyacademy.tests.Orderverification" name="orderHistoryTest" time="12.022"/>
</testsuite> <!-- rahulshettyacademy.tests.Orderverification -->
