<?xml version="1.0" encoding="UTF-8"?>
<!-- Generated by org.testng.reporters.JUnitReportReporter -->
<testsuite hostname="DESKTOP-5T3B7FL" failures="0" tests="2" name="rahulshettyacademy.tests.StandaloneSubmit" time="61.056" errors="0" timestamp="2026-03-13T23:26:03 IST" skipped="0">
  <testcase classname="rahulshettyacademy.tests.StandaloneSubmit" name="submitOrder" time="31.160"/>
  <testcase classname="rahulshettyacademy.tests.StandaloneSubmit" name="submitOrder" time="29.896"/>
</testsuite> <!-- rahulshettyacademy.tests.StandaloneSubmit -->
